<?xml version="1.0" encoding="UTF-8"?>
<testsuite name="remove products" tests="3" skipped="0" failures="0" errors="0" timestamp="2022-06-16T07:55:43" hostname="DESKTOP-T4CQFQQ" time="0.021">
  <properties/>
  <testcase name="remove multiple products from cart" classname="cart.CartSpec$RemoveProducts" time="0.002"/>
  <testcase name="remove unknown product from cart" classname="cart.CartSpec$RemoveProducts" time="0.012"/>
  <testcase name="remove single product from cart" classname="cart.CartSpec$RemoveProducts" time="0.002"/>
  <system-out><![CDATA[<= Cart from DB Deleted =>
<= Cart from DB Deleted =>
<= Cart from DB Deleted =>
]]></system-out>
  <system-err><![CDATA[]]></system-err>
</testsuite>
